  FileName.cpp
C:\Users\bjhwl\source\repos\7.12.11\FileName.cpp(11,72): warning C4473: “scanf_s”: 没有为格式字符串传递足够的参数
      C:\Users\bjhwl\source\repos\7.12.11\FileName.cpp(11,72):
      占位符和其参数预计 2 可变参数，但提供的却是 1 参数
      C:\Users\bjhwl\source\repos\7.12.11\FileName.cpp(11,72):
      缺失的可变参数 2 为格式字符串“%c”所需
      C:\Users\bjhwl\source\repos\7.12.11\FileName.cpp(11,72):
      此参数用作缓冲区大小
  
C:\Users\bjhwl\source\repos\7.12.11\FileName.cpp(12,72): warning C4473: “scanf_s”: 没有为格式字符串传递足够的参数
      C:\Users\bjhwl\source\repos\7.12.11\FileName.cpp(12,72):
      占位符和其参数预计 2 可变参数，但提供的却是 1 参数
      C:\Users\bjhwl\source\repos\7.12.11\FileName.cpp(12,72):
      缺失的可变参数 2 为格式字符串“%c”所需
      C:\Users\bjhwl\source\repos\7.12.11\FileName.cpp(12,72):
      此参数用作缓冲区大小
  
C:\Users\bjhwl\source\repos\7.12.11\FileName.cpp(13,72): warning C4473: “scanf_s”: 没有为格式字符串传递足够的参数
      C:\Users\bjhwl\source\repos\7.12.11\FileName.cpp(13,72):
      占位符和其参数预计 2 可变参数，但提供的却是 1 参数
      C:\Users\bjhwl\source\repos\7.12.11\FileName.cpp(13,72):
      缺失的可变参数 2 为格式字符串“%c”所需
      C:\Users\bjhwl\source\repos\7.12.11\FileName.cpp(13,72):
      此参数用作缓冲区大小
  
C:\Users\bjhwl\source\repos\7.12.11\FileName.cpp(17,34): warning C4244: “=”: 从“double”转换到“float”，可能丢失数据
C:\Users\bjhwl\source\repos\7.12.11\FileName.cpp(19,14): warning C4244: “=”: 从“double”转换到“float”，可能丢失数据
C:\Users\bjhwl\source\repos\7.12.11\FileName.cpp(32,12): warning C4244: “=”: 从“double”转换到“float”，可能丢失数据
C:\Users\bjhwl\source\repos\7.12.11\FileName.cpp(3,10): warning C4101: “m”: 未引用的局部变量
  7.12.11.vcxproj -> C:\Users\bjhwl\source\repos\7.12.11\x64\Debug\7.12.11.exe
